<?xml version="1.0" encoding="UTF-8"?>
<!-- Generated by org.testng.reporters.JUnitReportReporter -->
<testsuite hostname="parrot" failures="0" tests="1" name="com.zeninbox.SessionTest" time="13.227" errors="0" timestamp="2025-01-10T22:20:32 IST" skipped="0">
  <testcase classname="com.zeninbox.SessionTest" name="charverifiertest" time="13.227"/>
  <system-out/>
</testsuite> <!-- com.zeninbox.SessionTest -->
