<?xml version="1.0" encoding="UTF-8"?>
<!-- Generated by org.testng.reporters.JUnitReportReporter -->
<testsuite hostname="parrot" failures="0" tests="1" name="com.zeninbox.SessionTest" time="7.575" errors="0" timestamp="2024-12-29T15:42:40 IST" skipped="0">
  <testcase classname="com.zeninbox.SessionTest" name="SQLinjectionverifiertest" time="7.575"/>
  <system-out/>
</testsuite> <!-- com.zeninbox.SessionTest -->
